Using pre-set license
Built from '2022.3/staging' branch; Version is '2022.3.21f1 (bf09ca542b87) revision 12519882'; Using compiler version '192829333'; Build Type 'Release'
OS: 'Windows 11  (10.0.22631) 64bit Core' Language: 'fr' Physical Memory: 15571 MB
BatchMode: 1, IsHumanControllingUs: 0, StartBugReporterOnCrash: 0, Is64bit: 1, IsPro: 1

COMMAND LINE ARGUMENTS:
C:\Program Files\Unity\Hub\Editor\2022.3.21f1\Editor\Unity.exe
-adb2
-batchMode
-noUpm
-name
AssetImportWorker0
-projectPath
C:/Users/zinee/ExtendedReality/ER
-logFile
Logs/AssetImportWorker0.log
-srvPort
50375
Successfully changed project path to: C:/Users/zinee/ExtendedReality/ER
C:/Users/zinee/ExtendedReality/ER
[UnityMemory] Configuration Parameters - Can be set up in boot.config
    "memorysetup-bucket-allocator-granularity=16"
    "memorysetup-bucket-allocator-bucket-count=8"
    "memorysetup-bucket-allocator-block-size=33554432"
    "memorysetup-bucket-allocator-block-count=8"
    "memorysetup-main-allocator-block-size=16777216"
    "memorysetup-thread-allocator-block-size=16777216"
    "memorysetup-gfx-main-allocator-block-size=16777216"
    "memorysetup-gfx-thread-allocator-block-size=16777216"
    "memorysetup-cache-allocator-block-size=4194304"
    "memorysetup-typetree-allocator-block-size=2097152"
    "memorysetup-profiler-bucket-allocator-granularity=16"
    "memorysetup-profiler-bucket-allocator-bucket-count=8"
    "memorysetup-profiler-bucket-allocator-block-size=33554432"
    "memorysetup-profiler-bucket-allocator-block-count=8"
    "memorysetup-profiler-allocator-block-size=16777216"
    "memorysetup-profiler-editor-allocator-block-size=1048576"
    "memorysetup-temp-allocator-size-main=16777216"
    "memorysetup-job-temp-allocator-block-size=2097152"
    "memorysetup-job-temp-allocator-block-size-background=1048576"
    "memorysetup-job-temp-allocator-reduction-small-platforms=262144"
    "memorysetup-allocator-temp-initial-block-size-main=262144"
    "memorysetup-allocator-temp-initial-block-size-worker=262144"
    "memorysetup-temp-allocator-size-background-worker=32768"
    "memorysetup-temp-allocator-size-job-worker=262144"
    "memorysetup-temp-allocator-size-preload-manager=33554432"
    "memorysetup-temp-allocator-size-nav-mesh-worker=65536"
    "memorysetup-temp-allocator-size-audio-worker=65536"
    "memorysetup-temp-allocator-size-cloud-worker=32768"
    "memorysetup-temp-allocator-size-gi-baking-worker=262144"
    "memorysetup-temp-allocator-size-gfx=262144"
Player connection [25848] Host "[IP] 192.168.56.1 [Port] 0 [Flags] 2 [Guid] 2196681820 [EditorId] 2196681820 [Version] 1048832 [Id] WindowsEditor(7,MSI) [Debug] 1 [PackageName] WindowsEditor [ProjectName] Editor" joined multi-casting on [225.0.0.222:54997]...

Player connection [25848] Host "[IP] 192.168.56.1 [Port] 0 [Flags] 2 [Guid] 2196681820 [EditorId] 2196681820 [Version] 1048832 [Id] WindowsEditor(7,MSI) [Debug] 1 [PackageName] WindowsEditor [ProjectName] Editor" joined alternative multi-casting on [225.0.0.222:34997]...

[Physics::Module] Initialized MultithreadedJobDispatcher with 15 workers.
Refreshing native plugins compatible for Editor in 44.20 ms, found 12 plugins.
Preloading 1 native plugins for Editor in 0.95 ms.
Initialize engine version: 2022.3.21f1 (bf09ca542b87)
[Subsystems] Discovering subsystems at path C:/Program Files/Unity/Hub/Editor/2022.3.21f1/Editor/Data/Resources/UnitySubsystems
[Subsystems] Discovering subsystems at path C:/Users/zinee/ExtendedReality/ER/Assets
GfxDevice: creating device client; threaded=0; jobified=0
Direct3D:
    Version:  Direct3D 11.0 [level 11.1]
    Renderer: NVIDIA GeForce RTX 4050 Laptop GPU (ID=0x28a1)
    Vendor:   NVIDIA
    VRAM:     5921 MB
    Driver:   32.0.15.7283
Initialize mono
Mono path[0] = 'C:/Program Files/Unity/Hub/Editor/2022.3.21f1/Editor/Data/Managed'
Mono path[1] = 'C:/Program Files/Unity/Hub/Editor/2022.3.21f1/Editor/Data/MonoBleedingEdge/lib/mono/unityjit-win32'
Mono config path = 'C:/Program Files/Unity/Hub/Editor/2022.3.21f1/Editor/Data/MonoBleedingEdge/etc'
Using monoOptions --debugger-agent=transport=dt_socket,embedding=1,server=y,suspend=n,address=127.0.0.1:56516
Begin MonoManager ReloadAssembly
Registering precompiled unity dll's ...
Register platform support module: C:/Program Files/Unity/Hub/Editor/2022.3.21f1/Editor/Data/PlaybackEngines/AndroidPlayer/UnityEditor.Android.Extensions.dll
Register platform support module: C:/Program Files/Unity/Hub/Editor/2022.3.21f1/Editor/Data/PlaybackEngines/WindowsStandaloneSupport/UnityEditor.WindowsStandalone.Extensions.dll
Registered in 0.013011 seconds.
- Loaded All Assemblies, in  0.592 seconds
Native extension for WindowsStandalone target not found
Native extension for Android target not found
Android Extension - Scanning For ADB Devices 2438 ms
Mono: successfully reloaded assembly
- Finished resetting the current domain, in  2.990 seconds
Domain Reload Profiling: 3579ms
	BeginReloadAssembly (222ms)
		ExecutionOrderSort (0ms)
		DisableScriptedObjects (0ms)
		BackupInstance (0ms)
		ReleaseScriptingObjects (0ms)
		CreateAndSetChildDomain (1ms)
	RebuildCommonClasses (43ms)
	RebuildNativeTypeToScriptingClass (13ms)
	initialDomainReloadingComplete (85ms)
	LoadAllAssembliesAndSetupDomain (225ms)
		LoadAssemblies (219ms)
		RebuildTransferFunctionScriptingTraits (0ms)
		AnalyzeDomain (220ms)
			TypeCache.Refresh (218ms)
				TypeCache.ScanAssembly (192ms)
			ScanForSourceGeneratedMonoScriptInfo (1ms)
			ResolveRequiredComponents (1ms)
	FinalizeReload (2991ms)
		ReleaseScriptCaches (0ms)
		RebuildScriptCaches (0ms)
		SetupLoadedEditorAssemblies (2913ms)
			LogAssemblyErrors (0ms)
			InitializePlatformSupportModulesInManaged (2606ms)
			SetLoadedEditorAssemblies (7ms)
			RefreshPlugins (0ms)
			BeforeProcessingInitializeOnLoad (4ms)
			ProcessInitializeOnLoadAttributes (218ms)
			ProcessInitializeOnLoadMethodAttributes (78ms)
			AfterProcessingInitializeOnLoad (0ms)
			EditorAssembliesLoaded (0ms)
		ExecutionOrderSort2 (0ms)
		AwakeInstancesAfterBackupRestoration (0ms)
========================================================================
Worker process is ready to serve import requests
Begin MonoManager ReloadAssembly
- Loaded All Assemblies, in  0.882 seconds
Refreshing native plugins compatible for Editor in 27.14 ms, found 12 plugins.
Native extension for WindowsStandalone target not found
Native extension for Android target not found
Package Manager log level set to [2]
[Package Manager] Server::EnsureServerProcessIsRunning -- launch failed, reason: Unity was launched with the -noUpm command-line argument
[Package Manager] UpmClient::Send -- Unable to send message (not connected to UPM process).
[Package Manager] Cannot connect to Unity Package Manager local server
System.Reflection.TargetInvocationException: Exception has been thrown by the target of an invocation. ---> System.NullReferenceException: Object reference not set to an instance of an object
  at Unity.XR.Oculus.OculusLoader.AssetPathToAbsolutePath (System.String assetPath) [0x0003d] in .\Library\PackageCache\com.unity.xr.oculus@4.2.0\Runtime\OculusLoader.cs:298 
  at Unity.XR.Oculus.OculusLoader.EditorLoadOVRPlugin () [0x0008c] in .\Library\PackageCache\com.unity.xr.oculus@4.2.0\Runtime\OculusLoader.cs:283 
  at (wrapper managed-to-native) System.Reflection.RuntimeMethodInfo.InternalInvoke(System.Reflection.RuntimeMethodInfo,object,object[],System.Exception&)
  at System.Reflection.RuntimeMethodInfo.Invoke (System.Object obj, System.Reflection.BindingFlags invokeAttr, System.Reflection.Binder binder, System.Object[] parameters, System.Globalization.CultureInfo culture) [0x0006a] in <4b234520e36749be9cf6b053d911690f>:0 
   --- End of inner exception stack trace ---
  at System.Reflection.RuntimeMethodInfo.Invoke (System.Object obj, System.Reflection.BindingFlags invokeAttr, System.Reflection.Binder binder, System.Object[] parameters, System.Globalization.CultureInfo culture) [0x00083] in <4b234520e36749be9cf6b053d911690f>:0 
  at System.Reflection.MethodBase.Invoke (System.Object obj, System.Object[] parameters) [0x00000] in <4b234520e36749be9cf6b053d911690f>:0 
  at UnityEditor.EditorAssemblies.ProcessInitializeOnLoadMethodAttributes () [0x000a5] in <24e1ed8728684ea3ae446f80787d18de>:0 
UnityEngine.StackTraceUtility:ExtractStackTrace ()
UnityEngine.DebugLogHandler:LogFormat (UnityEngine.LogType,UnityEngine.Object,string,object[])
UnityEngine.Logger:Log (UnityEngine.LogType,object)
UnityEngine.Debug:LogError (object)
UnityEditor.EditorAssemblies:ProcessInitializeOnLoadMethodAttributes ()

Mono: successfully reloaded assembly
[Package Manager] Server::EnsureServerProcessIsRunning -- launch failed, reason: Unity was launched with the -noUpm command-line argument
[Package Manager] UpmClient::Send -- Unable to send message (not connected to UPM process).
[Package Manager] Cannot connect to Unity Package Manager local server
[Package Manager] Server::EnsureServerProcessIsRunning -- launch failed, reason: Unity was launched with the -noUpm command-line argument
[Package Manager] UpmClient::Send -- Unable to send message (not connected to UPM process).
[Package Manager] Cannot connect to Unity Package Manager local server
- Finished resetting the current domain, in  0.791 seconds
Domain Reload Profiling: 1666ms
	BeginReloadAssembly (153ms)
		ExecutionOrderSort (0ms)
		DisableScriptedObjects (5ms)
		BackupInstance (0ms)
		ReleaseScriptingObjects (0ms)
		CreateAndSetChildDomain (23ms)
	RebuildCommonClasses (29ms)
	RebuildNativeTypeToScriptingClass (9ms)
	initialDomainReloadingComplete (48ms)
	LoadAllAssembliesAndSetupDomain (637ms)
		LoadAssemblies (473ms)
		RebuildTransferFunctionScriptingTraits (0ms)
		AnalyzeDomain (255ms)
			TypeCache.Refresh (212ms)
				TypeCache.ScanAssembly (193ms)
			ScanForSourceGeneratedMonoScriptInfo (29ms)
			ResolveRequiredComponents (11ms)
	FinalizeReload (791ms)
		ReleaseScriptCaches (0ms)
		RebuildScriptCaches (0ms)
		SetupLoadedEditorAssemblies (623ms)
			LogAssemblyErrors (0ms)
			InitializePlatformSupportModulesInManaged (27ms)
			SetLoadedEditorAssemblies (3ms)
			RefreshPlugins (0ms)
			BeforeProcessingInitializeOnLoad (96ms)
			ProcessInitializeOnLoadAttributes (372ms)
			ProcessInitializeOnLoadMethodAttributes (112ms)
			AfterProcessingInitializeOnLoad (12ms)
			EditorAssembliesLoaded (0ms)
		ExecutionOrderSort2 (0ms)
		AwakeInstancesAfterBackupRestoration (6ms)
Launched and connected shader compiler UnityShaderCompiler.exe after 0.07 seconds
Refreshing native plugins compatible for Editor in 55.83 ms, found 12 plugins.
Preloading 1 native plugins for Editor in 0.19 ms.
Unloading 6433 Unused Serialized files (Serialized files now loaded: 0)
Unloading 136 unused Assets / (1.6 MB). Loaded Objects now: 6899.
Memory consumption went from 244.0 MB to 242.3 MB.
Total: 10.296900 ms (FindLiveObjects: 1.078300 ms CreateObjectMapping: 0.814200 ms MarkObjects: 7.148100 ms  DeleteObjects: 1.254700 ms)

AssetImportParameters requested are different than current active one (requested -> active):
  custom:container-demuxer-ogg: 62fdf1f143b41e24485cea50d1cbac27 -> 
  custom:framework-win-MediaFoundation: 216162199b28c13a410421893ffa2e32 -> 
  custom:container-muxer-webm: aa71ff27fc2769a1b78a27578f13a17b -> 
  custom:video-decoder-webm-vp8: 9c59270c3fd7afecdb556c50c9e8de78 -> 
  custom:SearchIndexIgnoredProperties: e643bd26f0fe6173181afceb89e7c659 -> 
  custom:AudioImporter_EditorPlatform: d09bf68614088b80899f8185d706f6e7 -> 
  custom:audio-decoder-ogg-vorbis: bf7c407c2cedff20999df2af8eb42d56 -> 
  custom:audio-encoder-webm-vorbis: bf7c407c2cedff20999df2af8eb42d56 -> 
  custom:video-codec-MediaFoundation-h265: 746d11721c4dcdbdad8f713fa42b33f4 -> 
  custom:video-decoder-ogg-theora: a1e56fd34408186e4bbccfd4996cb3dc -> 
  custom:CustomObjectIndexerAttribute: 72b91833f83ae208fae7752999fa3104 -> 
  custom:container-demuxer-webm: 4f35f7cbe854078d1ac9338744f61a02 -> 
  custom:video-encoder-webm-vp8: eb34c28f22e8b96e1ab97ce403110664 -> 
========================================================================
Received Import Request.
  Time since last request: 131054.047039 seconds.
  path: Assets/Scenes/BasicScene.unity
  artifactKey: Guid(4e9fef26e6adb88479ad1b9834a32d94) Importer(815301076,1909f56bfc062723c751e8b465ee728b)
Start importing Assets/Scenes/BasicScene.unity using Guid(4e9fef26e6adb88479ad1b9834a32d94) Importer(815301076,1909f56bfc062723c751e8b465ee728b)  -> (artifact id: 'e3cae779d0031f29855043c18fdad9ca') in 0.004152 seconds
Number of updated asset objects reloaded before import = 0
Number of asset objects unloaded after import = 0
========================================================================
Received Import Request.
  Time since last request: 30.257323 seconds.
  path: Assets/Sci-Fi Styled Modular Pack/Models
  artifactKey: Guid(5902297ebb0c5f34ca42aeca563efee0) Importer(815301076,1909f56bfc062723c751e8b465ee728b)
Start importing Assets/Sci-Fi Styled Modular Pack/Models using Guid(5902297ebb0c5f34ca42aeca563efee0) Importer(815301076,1909f56bfc062723c751e8b465ee728b)  -> (artifact id: 'a3f9dc8be98aaeb936dea1b633b4451d') in 0.000937 seconds
Number of updated asset objects reloaded before import = 0
Number of asset objects unloaded after import = 0
========================================================================
Received Import Request.
  Time since last request: 0.098799 seconds.
  path: Assets/Sci-Fi Styled Modular Pack/Models/art_1.fbx
  artifactKey: Guid(eb75e9f492c943a4dac52c742f729357) Importer(815301076,1909f56bfc062723c751e8b465ee728b)
Start importing Assets/Sci-Fi Styled Modular Pack/Models/art_1.fbx using Guid(eb75e9f492c943a4dac52c742f729357) Importer(815301076,1909f56bfc062723c751e8b465ee728b)  -> (artifact id: '7d493fd5dd8324eaae2a894c1bb6ce48') in 0.495287 seconds
Number of updated asset objects reloaded before import = 0
Number of asset objects unloaded after import = 9
========================================================================
Received Import Request.
  Time since last request: 0.000027 seconds.
  path: Assets/Sci-Fi Styled Modular Pack/Models/decorative_plant_small.fbx
  artifactKey: Guid(ee525e307c7e23c449adda79b8029a44) Importer(815301076,1909f56bfc062723c751e8b465ee728b)
Start importing Assets/Sci-Fi Styled Modular Pack/Models/decorative_plant_small.fbx using Guid(ee525e307c7e23c449adda79b8029a44) Importer(815301076,1909f56bfc062723c751e8b465ee728b)  -> (artifact id: '7ed94a1a61cbcf545582b1ebbe9de1ce') in 0.121622 seconds
Number of updated asset objects reloaded before import = 0
Number of asset objects unloaded after import = 13
========================================================================
Received Import Request.
  Time since last request: 0.000031 seconds.
  path: Assets/Sci-Fi Styled Modular Pack/Models/decorative_half_wall_5.fbx
  artifactKey: Guid(04ddb21bd2b21374397dab89f91a4b86) Importer(815301076,1909f56bfc062723c751e8b465ee728b)
Start importing Assets/Sci-Fi Styled Modular Pack/Models/decorative_half_wall_5.fbx using Guid(04ddb21bd2b21374397dab89f91a4b86) Importer(815301076,1909f56bfc062723c751e8b465ee728b)  -> (artifact id: '50c44d40caa7ce82faf4042da2c0d01e') in 0.032713 seconds
Number of updated asset objects reloaded before import = 0
Number of asset objects unloaded after import = 9
========================================================================
Received Import Request.
  Time since last request: 0.000023 seconds.
  path: Assets/Sci-Fi Styled Modular Pack/Models/Cube_1x2_extended.fbx
  artifactKey: Guid(4ea7f4ce4710e444abbd19154bbe29b8) Importer(815301076,1909f56bfc062723c751e8b465ee728b)
Start importing Assets/Sci-Fi Styled Modular Pack/Models/Cube_1x2_extended.fbx using Guid(4ea7f4ce4710e444abbd19154bbe29b8) Importer(815301076,1909f56bfc062723c751e8b465ee728b)  -> (artifact id: '488ab8cb21acc37d2ea9295563a7f7cd') in 0.028460 seconds
Number of updated asset objects reloaded before import = 0
Number of asset objects unloaded after import = 9
========================================================================
Received Import Request.
  Time since last request: 0.000025 seconds.
  path: Assets/Sci-Fi Styled Modular Pack/Models/decorative_half_wall_2_LOD0.fbx
  artifactKey: Guid(2f9d1dcfed18d0741beb67e027251e64) Importer(815301076,1909f56bfc062723c751e8b465ee728b)
Start importing Assets/Sci-Fi Styled Modular Pack/Models/decorative_half_wall_2_LOD0.fbx using Guid(2f9d1dcfed18d0741beb67e027251e64) Importer(815301076,1909f56bfc062723c751e8b465ee728b)  -> (artifact id: '0d4ad5952f5574327f0294c5268d556d') in 0.027857 seconds
Number of updated asset objects reloaded before import = 0
Number of asset objects unloaded after import = 9
========================================================================
Received Import Request.
  Time since last request: 0.000022 seconds.
  path: Assets/Sci-Fi Styled Modular Pack/Models/battery_medium.fbx
  artifactKey: Guid(c1c48e1341ea35d4fa172cdb915ed140) Importer(815301076,1909f56bfc062723c751e8b465ee728b)
Start importing Assets/Sci-Fi Styled Modular Pack/Models/battery_medium.fbx using Guid(c1c48e1341ea35d4fa172cdb915ed140) Importer(815301076,1909f56bfc062723c751e8b465ee728b)  -> (artifact id: '4fb19869471ee932da5bdec3aa36c0ae') in 0.046036 seconds
Number of updated asset objects reloaded before import = 0
Number of asset objects unloaded after import = 10
========================================================================
Received Import Request.
  Time since last request: 0.000024 seconds.
  path: Assets/Sci-Fi Styled Modular Pack/Models/cabinet_L.fbx
  artifactKey: Guid(90f9643ad123a084381069ff86695c12) Importer(815301076,1909f56bfc062723c751e8b465ee728b)
Start importing Assets/Sci-Fi Styled Modular Pack/Models/cabinet_L.fbx using Guid(90f9643ad123a084381069ff86695c12) Importer(815301076,1909f56bfc062723c751e8b465ee728b)  -> (artifact id: 'dca291630349508a213df49df58f40d5') in 0.026710 seconds
Number of updated asset objects reloaded before import = 0
Number of asset objects unloaded after import = 9
========================================================================
Received Import Request.
  Time since last request: 0.000024 seconds.
  path: Assets/Sci-Fi Styled Modular Pack/Models/console_screen.fbx
  artifactKey: Guid(2ca85bdcc81d8d24ba87f0f1135cf8fe) Importer(815301076,1909f56bfc062723c751e8b465ee728b)
Start importing Assets/Sci-Fi Styled Modular Pack/Models/console_screen.fbx using Guid(2ca85bdcc81d8d24ba87f0f1135cf8fe) Importer(815301076,1909f56bfc062723c751e8b465ee728b)  -> (artifact id: '46b3d94df105102aa999956229f127ef') in 0.039326 seconds
Number of updated asset objects reloaded before import = 0
Number of asset objects unloaded after import = 10
========================================================================
Received Import Request.
  Time since last request: 0.000035 seconds.
  path: Assets/Sci-Fi Styled Modular Pack/Models/container_big.fbx
  artifactKey: Guid(1037e3cf0dc55a54fb6095b7d4075f91) Importer(815301076,1909f56bfc062723c751e8b465ee728b)
Start importing Assets/Sci-Fi Styled Modular Pack/Models/container_big.fbx using Guid(1037e3cf0dc55a54fb6095b7d4075f91) Importer(815301076,1909f56bfc062723c751e8b465ee728b)  -> (artifact id: '9a4c01378a6deccb489989d5080a7d7b') in 0.026613 seconds
Number of updated asset objects reloaded before import = 0
Number of asset objects unloaded after import = 9
========================================================================
Received Import Request.
  Time since last request: 0.000025 seconds.
  path: Assets/Sci-Fi Styled Modular Pack/Models/decorative_half_wall_4_LOD1.fbx
  artifactKey: Guid(b57b8db81ab64b04c817c7c3feabc2a0) Importer(815301076,1909f56bfc062723c751e8b465ee728b)
Start importing Assets/Sci-Fi Styled Modular Pack/Models/decorative_half_wall_4_LOD1.fbx using Guid(b57b8db81ab64b04c817c7c3feabc2a0) Importer(815301076,1909f56bfc062723c751e8b465ee728b)  -> (artifact id: 'be44812a22dddab09596978f797329e5') in 0.075614 seconds
Number of updated asset objects reloaded before import = 0
Number of asset objects unloaded after import = 12
========================================================================
Received Import Request.
  Time since last request: 0.000028 seconds.
  path: Assets/Sci-Fi Styled Modular Pack/Models/decorative_half_wall_3_LOD0.fbx
  artifactKey: Guid(ce40e961651af434ca660d2d087505cb) Importer(815301076,1909f56bfc062723c751e8b465ee728b)
Start importing Assets/Sci-Fi Styled Modular Pack/Models/decorative_half_wall_3_LOD0.fbx using Guid(ce40e961651af434ca660d2d087505cb) Importer(815301076,1909f56bfc062723c751e8b465ee728b)  -> (artifact id: '6ddff2ff9d8d74ce3a028f85447f861c') in 0.027725 seconds
Number of updated asset objects reloaded before import = 0
Number of asset objects unloaded after import = 9
========================================================================
Received Import Request.
  Time since last request: 0.000022 seconds.
  path: Assets/Sci-Fi Styled Modular Pack/Models/art_4.fbx
  artifactKey: Guid(c03a6c397607c84439753a0506e06e04) Importer(815301076,1909f56bfc062723c751e8b465ee728b)
Start importing Assets/Sci-Fi Styled Modular Pack/Models/art_4.fbx using Guid(c03a6c397607c84439753a0506e06e04) Importer(815301076,1909f56bfc062723c751e8b465ee728b)  -> (artifact id: '859f97390ff6d443eac4e95443612703') in 0.028626 seconds
Number of updated asset objects reloaded before import = 0
Number of asset objects unloaded after import = 9
========================================================================
Received Import Request.
  Time since last request: 0.000021 seconds.
  path: Assets/Sci-Fi Styled Modular Pack/Models/Cube_1x1_extended.fbx
  artifactKey: Guid(7f4ff057efa234740842b9442ebc75e6) Importer(815301076,1909f56bfc062723c751e8b465ee728b)
Start importing Assets/Sci-Fi Styled Modular Pack/Models/Cube_1x1_extended.fbx using Guid(7f4ff057efa234740842b9442ebc75e6) Importer(815301076,1909f56bfc062723c751e8b465ee728b)  -> (artifact id: '230b9dcf694dd48cdc7d014e0a375c5e') in 0.030504 seconds
Number of updated asset objects reloaded before import = 0
Number of asset objects unloaded after import = 9
========================================================================
Received Import Request.
  Time since last request: 0.000034 seconds.
  path: Assets/Sci-Fi Styled Modular Pack/Models/battery.fbx
  artifactKey: Guid(154329710c2ffe04397c646ac704cdce) Importer(815301076,1909f56bfc062723c751e8b465ee728b)
Start importing Assets/Sci-Fi Styled Modular Pack/Models/battery.fbx using Guid(154329710c2ffe04397c646ac704cdce) Importer(815301076,1909f56bfc062723c751e8b465ee728b)  -> (artifact id: 'cf4ba30ea90794b3f0d817f43ed77a1b') in 0.029104 seconds
Number of updated asset objects reloaded before import = 0
Number of asset objects unloaded after import = 10
========================================================================
Received Import Request.
  Time since last request: 0.000039 seconds.
  path: Assets/Sci-Fi Styled Modular Pack/Models/art_5.fbx
  artifactKey: Guid(e528381f299d2ce4db9f7e803942a77c) Importer(815301076,1909f56bfc062723c751e8b465ee728b)
Start importing Assets/Sci-Fi Styled Modular Pack/Models/art_5.fbx using Guid(e528381f299d2ce4db9f7e803942a77c) Importer(815301076,1909f56bfc062723c751e8b465ee728b)  -> (artifact id: '8df6538150cfa06401fad0baf9084d71') in 0.036461 seconds
Number of updated asset objects reloaded before import = 0
Number of asset objects unloaded after import = 9
========================================================================
Received Import Request.
  Time since last request: 0.000028 seconds.
  path: Assets/Sci-Fi Styled Modular Pack/Models/blank_wall_D.fbx
  artifactKey: Guid(f2542f8a4907dc24d9a2eea57712af9e) Importer(815301076,1909f56bfc062723c751e8b465ee728b)
Start importing Assets/Sci-Fi Styled Modular Pack/Models/blank_wall_D.fbx using Guid(f2542f8a4907dc24d9a2eea57712af9e) Importer(815301076,1909f56bfc062723c751e8b465ee728b)  -> (artifact id: '2f807b487e1c2567256b3a7c841d7596') in 0.020536 seconds
Number of updated asset objects reloaded before import = 0
Number of asset objects unloaded after import = 9
========================================================================
Received Import Request.
  Time since last request: 0.000027 seconds.
  path: Assets/Sci-Fi Styled Modular Pack/Models/decorative_chair.fbx
  artifactKey: Guid(96bdbf948202cef43b00e20aa0e32a51) Importer(815301076,1909f56bfc062723c751e8b465ee728b)
Start importing Assets/Sci-Fi Styled Modular Pack/Models/decorative_chair.fbx using Guid(96bdbf948202cef43b00e20aa0e32a51) Importer(815301076,1909f56bfc062723c751e8b465ee728b)  -> (artifact id: '1cbc2c783cb6bf4da5bde5c9e8425d4a') in 0.030189 seconds
Number of updated asset objects reloaded before import = 0
Number of asset objects unloaded after import = 9
========================================================================
Received Import Request.
  Time since last request: 0.000024 seconds.
  path: Assets/Sci-Fi Styled Modular Pack/Models/decorative_chair_LOD1.fbx
  artifactKey: Guid(aba422dda12c21b4497dd186a005e8b2) Importer(815301076,1909f56bfc062723c751e8b465ee728b)
Start importing Assets/Sci-Fi Styled Modular Pack/Models/decorative_chair_LOD1.fbx using Guid(aba422dda12c21b4497dd186a005e8b2) Importer(815301076,1909f56bfc062723c751e8b465ee728b)  -> (artifact id: '356f070c2c6edc4cf6c6bad55d282f81') in 0.027492 seconds
Number of updated asset objects reloaded before import = 0
Number of asset objects unloaded after import = 9
========================================================================
Received Import Request.
  Time since last request: 0.000023 seconds.
  path: Assets/Sci-Fi Styled Modular Pack/Models/console_celing.fbx
  artifactKey: Guid(a6a5e0bb41ac5234fb1d67dd58baab40) Importer(815301076,1909f56bfc062723c751e8b465ee728b)
Start importing Assets/Sci-Fi Styled Modular Pack/Models/console_celing.fbx using Guid(a6a5e0bb41ac5234fb1d67dd58baab40) Importer(815301076,1909f56bfc062723c751e8b465ee728b)  -> (artifact id: '6ea0b9738dda847917791521b5c11b2e') in 0.028262 seconds
Number of updated asset objects reloaded before import = 0
Number of asset objects unloaded after import = 10
========================================================================
Received Import Request.
  Time since last request: 0.000022 seconds.
  path: Assets/Sci-Fi Styled Modular Pack/Models/blank_wall_C.fbx
  artifactKey: Guid(1f977334a78ed00469d9a6558eecaa3f) Importer(815301076,1909f56bfc062723c751e8b465ee728b)
Start importing Assets/Sci-Fi Styled Modular Pack/Models/blank_wall_C.fbx using Guid(1f977334a78ed00469d9a6558eecaa3f) Importer(815301076,1909f56bfc062723c751e8b465ee728b)  -> (artifact id: '8633a4932a6d74d6edb29138830d77ec') in 0.017579 seconds
Number of updated asset objects reloaded before import = 0
Number of asset objects unloaded after import = 9
========================================================================
Received Import Request.
  Time since last request: 0.000027 seconds.
  path: Assets/Sci-Fi Styled Modular Pack/Models/decorative_pilow.fbx
  artifactKey: Guid(dd574b0211f8115498c621597dbe7485) Importer(815301076,1909f56bfc062723c751e8b465ee728b)
Start importing Assets/Sci-Fi Styled Modular Pack/Models/decorative_pilow.fbx using Guid(dd574b0211f8115498c621597dbe7485) Importer(815301076,1909f56bfc062723c751e8b465ee728b)  -> (artifact id: '35edea7883bb05eb549114cc02a404b7') in 0.026737 seconds
Number of updated asset objects reloaded before import = 0
Number of asset objects unloaded after import = 9
========================================================================
Received Import Request.
  Time since last request: 0.000035 seconds.
  path: Assets/Sci-Fi Styled Modular Pack/Models/bunk_bed.fbx
  artifactKey: Guid(574e37233b065eb4faed1290880c8ebf) Importer(815301076,1909f56bfc062723c751e8b465ee728b)
Start importing Assets/Sci-Fi Styled Modular Pack/Models/bunk_bed.fbx using Guid(574e37233b065eb4faed1290880c8ebf) Importer(815301076,1909f56bfc062723c751e8b465ee728b)  -> (artifact id: 'd3abc7910f15ac2368656f83d898e989') in 0.029723 seconds
Number of updated asset objects reloaded before import = 0
Number of asset objects unloaded after import = 9
========================================================================
Received Import Request.
  Time since last request: 0.000023 seconds.
  path: Assets/Sci-Fi Styled Modular Pack/Models/decorative_plant.fbx
  artifactKey: Guid(77481a7c618d8c14cbf3663b6c659704) Importer(815301076,1909f56bfc062723c751e8b465ee728b)
Start importing Assets/Sci-Fi Styled Modular Pack/Models/decorative_plant.fbx using Guid(77481a7c618d8c14cbf3663b6c659704) Importer(815301076,1909f56bfc062723c751e8b465ee728b)  -> (artifact id: '038b67eede84041cb01e2bc6fde342d5') in 0.031027 seconds
Number of updated asset objects reloaded before import = 0
Number of asset objects unloaded after import = 13
========================================================================
Received Import Request.
  Time since last request: 0.000032 seconds.
  path: Assets/Sci-Fi Styled Modular Pack/Models/container_small.fbx
  artifactKey: Guid(13f31c8427fd865429e533cea99b63c2) Importer(815301076,1909f56bfc062723c751e8b465ee728b)
Start importing Assets/Sci-Fi Styled Modular Pack/Models/container_small.fbx using Guid(13f31c8427fd865429e533cea99b63c2) Importer(815301076,1909f56bfc062723c751e8b465ee728b)  -> (artifact id: '088fe613ca60e59c5714e0057065da79') in 0.032254 seconds
Number of updated asset objects reloaded before import = 0
Number of asset objects unloaded after import = 9
========================================================================
Received Import Request.
  Time since last request: 0.000025 seconds.
  path: Assets/Sci-Fi Styled Modular Pack/Models/decorative_half_wall_6.fbx
  artifactKey: Guid(f3f3969456048c64c8a9b962c9501f49) Importer(815301076,1909f56bfc062723c751e8b465ee728b)
Start importing Assets/Sci-Fi Styled Modular Pack/Models/decorative_half_wall_6.fbx using Guid(f3f3969456048c64c8a9b962c9501f49) Importer(815301076,1909f56bfc062723c751e8b465ee728b)  -> (artifact id: '215939e5dc9c6fc5417b2ea1e3062ecc') in 0.022994 seconds
Number of updated asset objects reloaded before import = 0
Number of asset objects unloaded after import = 9
========================================================================
Received Import Request.
  Time since last request: 0.000021 seconds.
  path: Assets/Sci-Fi Styled Modular Pack/Models/battery_big.fbx
  artifactKey: Guid(3968c912f8d8eb74db8c60e247cb61e7) Importer(815301076,1909f56bfc062723c751e8b465ee728b)
Start importing Assets/Sci-Fi Styled Modular Pack/Models/battery_big.fbx using Guid(3968c912f8d8eb74db8c60e247cb61e7) Importer(815301076,1909f56bfc062723c751e8b465ee728b)  -> (artifact id: '25f7d10b6e7e766ad67d58fa7a68ace2') in 0.026337 seconds
Number of updated asset objects reloaded before import = 0
Number of asset objects unloaded after import = 10
========================================================================
Received Import Request.
  Time since last request: 0.000049 seconds.
  path: Assets/Sci-Fi Styled Modular Pack/Models/decorative_half_wall_1_LOD0.fbx
  artifactKey: Guid(126da1070311a154885091b4c21323c5) Importer(815301076,1909f56bfc062723c751e8b465ee728b)
Start importing Assets/Sci-Fi Styled Modular Pack/Models/decorative_half_wall_1_LOD0.fbx using Guid(126da1070311a154885091b4c21323c5) Importer(815301076,1909f56bfc062723c751e8b465ee728b)  -> (artifact id: 'c3e91fd0259f3d37ea6dc548894a73bc') in 0.027543 seconds
Number of updated asset objects reloaded before import = 0
Number of asset objects unloaded after import = 9
Editor requested this worker to shutdown with reason: Scaling down because of idle timeout
TcpMessagingSession - receive error: operation aborted. errorcode: 995, details: L’opération d’entrée/sortie a été abandonnée en raison de l’arrêt d’un thread ou à la demande d’une application.
AssetImportWorker is now disconnected from the server
Process exiting
Exiting without the bug reporter. Application will terminate with return code 0